<?xml version="1.0" encoding="UTF-8"?>
<!-- Generated by org.testng.reporters.JUnitXMLReporter -->
<testsuite hostname="LAPTOP-76PGCCB3" ignored="3" name="TestChrome" tests="4" failures="0" timestamp="22 Jan 2021 02:04:05 GMT" time="183.922" errors="0">
  <testcase name="TC1" time="13.895" classname="com.pulse.Test.ValidLogin1"/>
  <testcase name="TC2" time="4.39" classname="com.pulse.Test.ValidLogin1"/>
  <testcase name="TC3" time="11.763" classname="com.pulse.Test.ValidLogin2"/>
  <testcase name="TC4" time="17.925" classname="com.pulse.Test.ValidLogin2"/>
  <testcase name="@AfterSuite testDown" time="0.0" classname="generic.BaseTest">
    <ignored/>
  </testcase> <!-- @AfterSuite testDown -->
  <testcase name="@BeforeSuite beforeSuite" time="0.0" classname="generic.BaseTest">
    <ignored/>
  </testcase> <!-- @BeforeSuite beforeSuite -->
  <testcase name="@BeforeTest beforeTest" time="0.0" classname="generic.BaseTest">
    <ignored/>
  </testcase> <!-- @BeforeTest beforeTest -->
</testsuite> <!-- TestChrome -->
