<?xml version="1.0" encoding="UTF-8"?>
<!-- Generated by org.testng.reporters.JUnitXMLReporter -->
<testsuite hostname="LAPTOP-76PGCCB3" ignored="3" name="TestFirefox" tests="4" failures="2" timestamp="22 Jan 2021 02:04:45 GMT" time="224.629" errors="0">
  <testcase name="TC5" time="12.806" classname="com.pulse.Test.ValidLogin3"/>
  <testcase name="TC6" time="17.09" classname="com.pulse.Test.ValidLogin3">
    <failure type="java.lang.AssertionError" message="expected [SAB TV] but found [Yahoo India | News, Finance, Cricket, Lifestyle and Entertainment]">
      <![CDATA[java.lang.AssertionError: expected [SAB TV] but found [Yahoo India | News, Finance, Cricket, Lifestyle and Entertainment]
	at com.pulse.Test.ValidLogin3.TC6(ValidLogin3.java:66)
	at java.util.concurrent.FutureTask.run(FutureTask.java:266)
	at java.util.concurrent.ThreadPoolExecutor.runWorker(ThreadPoolExecutor.java:1149)
	at java.util.concurrent.ThreadPoolExecutor$Worker.run(ThreadPoolExecutor.java:624)
	at java.lang.Thread.run(Thread.java:748)
... Removed 22 stack frames]]>
    </failure>
  </testcase> <!-- TC6 -->
  <testcase name="TC7" time="4.052" classname="com.pulse.Test.ValidLogin4"/>
  <testcase name="TC8" time="4.634" classname="com.pulse.Test.ValidLogin4">
    <failure type="java.lang.AssertionError" message="expected [Business News Live, Share Market News - Read Latest Finance News, IPO, Mutual Funds News] but found [The Economic Times: Business News, Personal Finance, Financial News, India Stock Market Investing, Economy News, SENSEX, NIFTY, NSE, BSE Live, IPO News]">
      <![CDATA[java.lang.AssertionError: expected [Business News Live, Share Market News - Read Latest Finance News, IPO, Mutual Funds News] but found [The Economic Times: Business News, Personal Finance, Financial News, India Stock Market Investing, Economy News, SENSEX, NIFTY, NSE, BSE Live, IPO News]
	at com.pulse.Test.ValidLogin4.TC8(ValidLogin4.java:64)
	at java.util.concurrent.FutureTask.run(FutureTask.java:266)
	at java.util.concurrent.ThreadPoolExecutor.runWorker(ThreadPoolExecutor.java:1149)
	at java.util.concurrent.ThreadPoolExecutor$Worker.run(ThreadPoolExecutor.java:624)
	at java.lang.Thread.run(Thread.java:748)
... Removed 22 stack frames]]>
    </failure>
  </testcase> <!-- TC8 -->
  <testcase name="@AfterSuite testDown" time="0.0" classname="generic.BaseTest">
    <ignored/>
  </testcase> <!-- @AfterSuite testDown -->
  <testcase name="@BeforeSuite beforeSuite" time="0.0" classname="generic.BaseTest">
    <ignored/>
  </testcase> <!-- @BeforeSuite beforeSuite -->
  <testcase name="@BeforeTest beforeTest" time="0.0" classname="generic.BaseTest">
    <ignored/>
  </testcase> <!-- @BeforeTest beforeTest -->
</testsuite> <!-- TestFirefox -->
