<?xml version="1.0" encoding="UTF-8"?>
<testsuite xmlns:xsi="http://www.w3.org/2001/XMLSchema-instance" xsi:noNamespaceSchemaLocation="https://maven.apache.org/surefire/maven-surefire-plugin/xsd/surefire-test-report.xsd" name="TestSuite" time="225.411" tests="8" errors="0" skipped="0" failures="2">
  <properties>
[...]
</properties>
  <testcase name="TC1" classname="com.pulse.Test.ValidLogin1" time="13.895"/>
  <testcase name="TC5" classname="com.pulse.Test.ValidLogin3" time="12.805"/>
  <testcase name="TC2" classname="com.pulse.Test.ValidLogin1" time="4.39"/>
  <testcase name="TC3" classname="com.pulse.Test.ValidLogin2" time="11.763"/>
  <testcase name="TC6" classname="com.pulse.Test.ValidLogin3" time="11.784">
    <failure message="expected [SAB TV] but found [Yahoo India | News, Finance, Cricket, Lifestyle and Entertainment]" type="java.lang.AssertionError">java.lang.AssertionError: expected [SAB TV] but found [Yahoo India | News, Finance, Cricket, Lifestyle and Entertainment]
	at com.pulse.Test.ValidLogin3.TC6(ValidLogin3.java:66)
</failure>
  </testcase>
  <testcase name="TC4" classname="com.pulse.Test.ValidLogin2" time="17.925"/>
  <testcase name="TC7" classname="com.pulse.Test.ValidLogin4" time="4.052"/>
  <testcase name="TC8" classname="com.pulse.Test.ValidLogin4" time="4.635">
    <failure message="expected [Business News Live, Share Market News - Read Latest Finance News, IPO, Mutual Funds News] but found [The Economic Times: Business News, Personal Finance, Financial News, India Stock Market Investing, Economy News, SENSEX, NIFTY, NSE, BSE Live, IPO News]" type="java.lang.AssertionError">java.lang.AssertionError: expected [Business News Live, Share Market News - Read Latest Finance News, IPO, Mutual Funds News] but found [The Economic Times: Business News, Personal Finance, Financial News, India Stock Market Investing, Economy News, SENSEX, NIFTY, NSE, BSE Live, IPO News]
	at com.pulse.Test.ValidLogin4.TC8(ValidLogin4.java:64)
</failure>
    <system-out><![CDATA[Opening chrome driver
]]></system-out>
  </testcase>
</testsuite>