<?xml version="1.0" encoding="UTF-8"?>
<!-- Generated by org.testng.reporters.JUnitXMLReporter -->
<testsuite hostname="DESKTOP-IA0DLJF" ignored="3" name="TestChrome" tests="4" failures="0" timestamp="15 Jul 2019 03:28:05 GMT" time="132.459" errors="0">
  <testcase name="TC1" time="12.787" classname="test.java.com.pulse.Test.ValidLogin1"/>
  <testcase name="TC2" time="3.487" classname="test.java.com.pulse.Test.ValidLogin1"/>
  <testcase name="TC3" time="48.421" classname="test.java.com.pulse.Test.ValidLogin2"/>
  <testcase name="TC4" time="41.95" classname="test.java.com.pulse.Test.ValidLogin2"/>
  <testcase name="@AfterSuite testDown" time="0.0" classname="generic.BaseTest">
    <ignored/>
  </testcase> <!-- @AfterSuite testDown -->
  <testcase name="@BeforeSuite beforeSuite" time="0.0" classname="generic.BaseTest">
    <ignored/>
  </testcase> <!-- @BeforeSuite beforeSuite -->
  <testcase name="@BeforeTest beforeTest" time="0.0" classname="generic.BaseTest">
    <ignored/>
  </testcase> <!-- @BeforeTest beforeTest -->
</testsuite> <!-- TestChrome -->
